0 info it worked if it ends with ok
1 verbose cli [ 'C:\\Program Files\\nodejs\\node.exe',
1 verbose cli   'C:\\Program Files\\nodejs\\node_modules\\npm\\bin\\npm-cli.js',
1 verbose cli   'publish',
1 verbose cli   '--access=public' ]
2 info using npm@3.10.8
3 info using node@v6.9.0
4 verbose publish [ '.' ]
5 silly cache add args [ '.', null ]
6 verbose cache add spec .
7 silly cache add parsed spec Result {
7 silly cache add   raw: '.',
7 silly cache add   scope: null,
7 silly cache add   escapedName: null,
7 silly cache add   name: null,
7 silly cache add   rawSpec: '.',
7 silly cache add   spec: 'C:\\Users\\Nevil\\Documents\\Study Projects\\greetingbot',
7 silly cache add   type: 'directory' }
8 verbose addLocalDirectory C:\Users\Nevil\AppData\Roaming\npm-cache\@neville.dabreo\greetingbot\2.0.0\package.tgz not in flight; packing
9 verbose correctMkdir C:\Users\Nevil\AppData\Roaming\npm-cache correctMkdir not in flight; initializing
10 info lifecycle @neville.dabreo/greetingbot@2.0.0~prepublish: @neville.dabreo/greetingbot@2.0.0
11 silly lifecycle @neville.dabreo/greetingbot@2.0.0~prepublish: no script for prepublish, continuing
12 verbose tar pack [ 'C:\\Users\\Nevil\\AppData\\Roaming\\npm-cache\\@neville.dabreo\\greetingbot\\2.0.0\\package.tgz',
12 verbose tar pack   'C:\\Users\\Nevil\\Documents\\Study Projects\\greetingbot' ]
13 verbose tarball C:\Users\Nevil\AppData\Roaming\npm-cache\@neville.dabreo\greetingbot\2.0.0\package.tgz
14 verbose folder C:\Users\Nevil\Documents\Study Projects\greetingbot
15 verbose addLocalTarball adding from inside cache C:\Users\Nevil\AppData\Roaming\npm-cache\@neville.dabreo\greetingbot\2.0.0\package.tgz
16 verbose correctMkdir C:\Users\Nevil\AppData\Roaming\npm-cache correctMkdir not in flight; initializing
17 silly cache afterAdd @neville.dabreo/greetingbot@2.0.0
18 verbose afterAdd C:\Users\Nevil\AppData\Roaming\npm-cache\@neville.dabreo\greetingbot\2.0.0\package\package.json not in flight; writing
19 verbose correctMkdir C:\Users\Nevil\AppData\Roaming\npm-cache correctMkdir not in flight; initializing
20 verbose afterAdd C:\Users\Nevil\AppData\Roaming\npm-cache\@neville.dabreo\greetingbot\2.0.0\package\package.json written
21 silly publish { name: '@neville.dabreo/greetingbot',
21 silly publish   version: '2.0.0',
21 silly publish   description: 'Greeting with the name',
21 silly publish   license: 'MIT',
21 silly publish   repository:
21 silly publish    { type: 'git',
21 silly publish      url: 'git+https://github.com/nevildabre/greetingbot.git' },
21 silly publish   main: 'index.js',
21 silly publish   keywords: [ 'greetings', 'bot', 'neville', 'greetingbot' ],
21 silly publish   readme: '# @neville.dabreo/greetingbot\r\n\r\nRemoves all spaces from a string.\r\n\r\n## Install\r\n\r\n```\r\n$ npm install @neville.dabreo/greetingbot\r\n```\r\n\r\n## Usage\r\n\r\n```js\r\nconst greetingbot = require("@neville.dabreo/greetingbot");\r\n\r\ngreetingbot("Neville!");\r\n//=> "Hello Neville!"\r\n\r\ngreetingbot();\r\n//=> "Hello good looking!"\r\n\r\n```\r\n',
21 silly publish   readmeFilename: 'README.md',
21 silly publish   gitHead: '4239340a0803cf55e57d5e8be3bc2cbbba9a40bb',
21 silly publish   bugs: { url: 'https://github.com/nevildabre/greetingbot/issues' },
21 silly publish   homepage: 'https://github.com/nevildabre/greetingbot#readme',
21 silly publish   _id: '@neville.dabreo/greetingbot@2.0.0',
21 silly publish   scripts: {},
21 silly publish   _shasum: '870d06d68c123e66557f86630bb054e435e55285',
21 silly publish   _from: '.' }
22 verbose getPublishConfig undefined
23 silly mapToRegistry name @neville.dabreo/greetingbot
24 silly mapToRegistry scope (from package name) @neville.dabreo
25 verbose mapToRegistry no registry URL found in name for scope @neville.dabreo
26 silly mapToRegistry using default registry
27 silly mapToRegistry registry https://registry.npmjs.org/
28 silly mapToRegistry data Result {
28 silly mapToRegistry   raw: '@neville.dabreo/greetingbot',
28 silly mapToRegistry   scope: '@neville.dabreo',
28 silly mapToRegistry   escapedName: '@neville.dabreo%2fgreetingbot',
28 silly mapToRegistry   name: '@neville.dabreo/greetingbot',
28 silly mapToRegistry   rawSpec: '',
28 silly mapToRegistry   spec: 'latest',
28 silly mapToRegistry   type: 'tag' }
29 silly mapToRegistry uri https://registry.npmjs.org/@neville.dabreo%2fgreetingbot
30 verbose publish registryBase https://registry.npmjs.org/
31 silly publish uploading C:\Users\Nevil\AppData\Roaming\npm-cache\@neville.dabreo\greetingbot\2.0.0\package.tgz
32 verbose request uri https://registry.npmjs.org/@neville.dabreo%2fgreetingbot
33 verbose request sending authorization for write operation
34 info attempt registry request try #1 at 12:36:55 AM
35 verbose request using bearer token for auth
36 verbose request id 299788430613f648
37 http request PUT https://registry.npmjs.org/@neville.dabreo%2fgreetingbot
38 http 403 https://registry.npmjs.org/@neville.dabreo%2fgreetingbot
39 verbose headers { date: 'Fri, 15 Mar 2019 04:37:00 GMT',
39 verbose headers   'content-type': 'application/json',
39 verbose headers   'transfer-encoding': 'chunked',
39 verbose headers   connection: 'keep-alive',
39 verbose headers   'set-cookie': [ '__cfduid=d49b7c50155e49d7e2c27677a29fa66bc1552624619; expires=Sat, 14-Mar-20 04:36:59 GMT; path=/; domain=.registry.npmjs.org; HttpOnly' ],
39 verbose headers   'cf-ray': '4b7bca207f5acaa2-YYZ',
39 verbose headers   'expect-ct': 'max-age=604800, report-uri="https://report-uri.cloudflare.com/cdn-cgi/beacon/expect-ct"',
39 verbose headers   vary: 'Accept-Encoding',
39 verbose headers   server: 'cloudflare',
39 verbose headers   'content-encoding': 'gzip' }
40 verbose request invalidating C:\Users\Nevil\AppData\Roaming\npm-cache\registry.npmjs.org\_40neville.dabreo_252fgreetingbot on PUT
41 error publish Failed PUT 403
42 verbose stack Error: You cannot publish over the previously published versions: 2.0.0. : @neville.dabreo/greetingbot
42 verbose stack     at makeError (C:\Users\Nevil\AppData\Roaming\nvm\v6.9.0\node_modules\npm\node_modules\npm-registry-client\lib\request.js:302:12)
42 verbose stack     at CachingRegistryClient.<anonymous> (C:\Users\Nevil\AppData\Roaming\nvm\v6.9.0\node_modules\npm\node_modules\npm-registry-client\lib\request.js:290:14)
42 verbose stack     at C:\Users\Nevil\AppData\Roaming\nvm\v6.9.0\node_modules\npm\node_modules\npm-registry-client\lib\request.js:216:7
42 verbose stack     at Gunzip.onEnd (zlib.js:227:5)
42 verbose stack     at emitNone (events.js:91:20)
42 verbose stack     at Gunzip.emit (events.js:185:7)
42 verbose stack     at endReadableNT (_stream_readable.js:974:12)
42 verbose stack     at _combinedTickCallback (internal/process/next_tick.js:74:11)
42 verbose stack     at process._tickCallback (internal/process/next_tick.js:98:9)
43 verbose statusCode 403
44 verbose pkgid @neville.dabreo/greetingbot
45 verbose cwd C:\Users\Nevil\Documents\Study Projects\greetingbot
46 error Windows_NT 10.0.17763
47 error argv "C:\\Program Files\\nodejs\\node.exe" "C:\\Program Files\\nodejs\\node_modules\\npm\\bin\\npm-cli.js" "publish" "--access=public"
48 error node v6.9.0
49 error npm  v3.10.8
50 error code E403
51 error You cannot publish over the previously published versions: 2.0.0. : @neville.dabreo/greetingbot
52 error If you need help, you may report this error at:
52 error     <https://github.com/npm/npm/issues>
53 verbose exit [ 1, true ]
